{"id":"0ae8cf2a8162f6fca7c280905028c40c","name":"t001(TestInfo) [TEST]","start":1772327652466,"stop":1772327652576,"duration":110,"status":"skipped","fullName":"com.cjs.qa.junit.dataset.DataSetUtilDemoTests.t001","historyId":"146169a4ce033e936fe1fb1d40cc406e.6dc427a931685e66115e5a24e5069a8f","flaky":false,"muted":false,"known":false,"hidden":false,"labels":[{"name":"junit.platform.uniqueid","value":"[engine:junit-jupiter]/[class:com.cjs.qa.junit.dataset.DataSetUtilDemoTests]/[method:t001(org.junit.jupiter.api.TestInfo)]"},{"name":"host","value":"runnervmnay03"},{"name":"thread","value":"4655@runnervmnay03.main(1)"},{"name":"framework","value":"junit-platform"},{"name":"language","value":"java"},{"name":"package","value":"com.cjs.qa.junit.dataset.DataSetUtilDemoTests"},{"name":"testClass","value":"com.cjs.qa.junit.dataset.DataSetUtilDemoTests"},{"name":"testMethod","value":"t001"},{"name":"suite","value":"com.cjs.qa.junit.dataset.DataSetUtilDemoTests"},{"name":"environment","value":"test"}],"groupedLabels":{"junit.platform.uniqueid":["[engine:junit-jupiter]/[class:com.cjs.qa.junit.dataset.DataSetUtilDemoTests]/[method:t001(org.junit.jupiter.api.TestInfo)]"],"host":["runnervmnay03"],"thread":["4655@runnervmnay03.main(1)"],"framework":["junit-platform"],"language":["java"],"package":["com.cjs.qa.junit.dataset.DataSetUtilDemoTests"],"testClass":["com.cjs.qa.junit.dataset.DataSetUtilDemoTests"],"testMethod":["t001"],"suite":["com.cjs.qa.junit.dataset.DataSetUtilDemoTests"],"environment":["test"]},"parameters":[{"name":"Environment","value":"TEST","hidden":false,"excluded":false,"masked":false}],"links":[],"steps":[],"error":{"message":"Required database tables do not exist. This may occur if the database schema was not created properly. Skipping test.","trace":"org.opentest4j.TestAbortedException: Required database tables do not exist. This may occur if the database schema was not created properly. Skipping test.\n\tat com.cjs.qa.junit.dataset.DataSetUtilDemoTests.testSetup(DataSetUtilDemoTests.java:133)\nCaused by: org.dbunit.dataset.NoSuchTableException: OrderSourceEntity\n\tat org.dbunit.database.DatabaseDataSet.getTableMetaData(DatabaseDataSet.java:305)\n\tat org.dbunit.operation.AbstractOperation.getOperationMetaData(AbstractOperation.java:80)\n\tat org.dbunit.operation.AbstractBatchOperation.execute(AbstractBatchOperation.java:151)\n\tat com.cjs.qa.junit.dataset.DataSetUtilDemoTests.testSetup(DataSetUtilDemoTests.java:129)\n"},"testCase":{"id":"146169a4ce033e936fe1fb1d40cc406e","name":"t001(TestInfo) [PROD]","fullName":"com.cjs.qa.junit.dataset.DataSetUtilDemoTests.t001"},"environment":"default","setup":[],"teardown":[],"history":[],"retries":[],"breadcrumbs":[["com.cjs.qa.junit.dataset.DataSetUtilDemoTests"]],"retry":false,"titlePath":[],"retriesCount":0,"attachments":[],"order":185}