{"id":"3b3c3658bdd068494bbd8e0e2e27a85c","name":"t001(TestInfo) [DEV]","start":1771579333053,"stop":1771579333158,"duration":105,"status":"skipped","fullName":"com.cjs.qa.junit.dataset.DataSetUtilDemoTests.t001","historyId":"146169a4ce033e936fe1fb1d40cc406e.fefd14d00b78902543d8f298df1f300b","flaky":false,"muted":false,"known":false,"hidden":false,"labels":[{"name":"junit.platform.uniqueid","value":"[engine:junit-jupiter]/[class:com.cjs.qa.junit.dataset.DataSetUtilDemoTests]/[method:t001(org.junit.jupiter.api.TestInfo)]"},{"name":"host","value":"runnervmwffz4"},{"name":"thread","value":"4526@runnervmwffz4.main(1)"},{"name":"framework","value":"junit-platform"},{"name":"language","value":"java"},{"name":"package","value":"com.cjs.qa.junit.dataset.DataSetUtilDemoTests"},{"name":"testClass","value":"com.cjs.qa.junit.dataset.DataSetUtilDemoTests"},{"name":"testMethod","value":"t001"},{"name":"suite","value":"com.cjs.qa.junit.dataset.DataSetUtilDemoTests"},{"name":"environment","value":"dev"}],"groupedLabels":{"junit.platform.uniqueid":["[engine:junit-jupiter]/[class:com.cjs.qa.junit.dataset.DataSetUtilDemoTests]/[method:t001(org.junit.jupiter.api.TestInfo)]"],"host":["runnervmwffz4"],"thread":["4526@runnervmwffz4.main(1)"],"framework":["junit-platform"],"language":["java"],"package":["com.cjs.qa.junit.dataset.DataSetUtilDemoTests"],"testClass":["com.cjs.qa.junit.dataset.DataSetUtilDemoTests"],"testMethod":["t001"],"suite":["com.cjs.qa.junit.dataset.DataSetUtilDemoTests"],"environment":["dev"]},"parameters":[{"name":"Environment","value":"DEV","hidden":false,"excluded":false,"masked":false}],"links":[],"steps":[],"error":{"message":"Required database tables do not exist. This may occur if the database schema was not created properly. Skipping test.","trace":"org.opentest4j.TestAbortedException: Required database tables do not exist. This may occur if the database schema was not created properly. Skipping test.\n\tat com.cjs.qa.junit.dataset.DataSetUtilDemoTests.testSetup(DataSetUtilDemoTests.java:133)\nCaused by: org.dbunit.dataset.NoSuchTableException: OrderSourceEntity\n\tat org.dbunit.database.DatabaseDataSet.getTableMetaData(DatabaseDataSet.java:305)\n\tat org.dbunit.operation.AbstractOperation.getOperationMetaData(AbstractOperation.java:80)\n\tat org.dbunit.operation.AbstractBatchOperation.execute(AbstractBatchOperation.java:151)\n\tat com.cjs.qa.junit.dataset.DataSetUtilDemoTests.testSetup(DataSetUtilDemoTests.java:129)\n"},"testCase":{"id":"146169a4ce033e936fe1fb1d40cc406e","name":"t001(TestInfo) [DEV]","fullName":"com.cjs.qa.junit.dataset.DataSetUtilDemoTests.t001"},"environment":"default","setup":[],"teardown":[],"history":[],"retries":[],"breadcrumbs":[["com.cjs.qa.junit.dataset.DataSetUtilDemoTests"]],"retry":false,"titlePath":[],"retriesCount":0,"attachments":[],"order":124}